ARSimpleNativeCarsProj/aRSimpleNativeCars/build/outputs/logs/manifest-merger-debug-report.txt
-- Merging decision tree log ---
manifest
ADDED from src\main\AndroidManifest.xml:2:1-37:12
	xmlns:android
		ADDED from src\main\AndroidManifest.xml:2:11-69
	package
		ADDED from src\main\AndroidManifest.xml:3:7-60
		INJECTED from src\main\AndroidManifest.xml
		INJECTED from src\main\AndroidManifest.xml
	android:versionName
		ADDED from src\main\AndroidManifest.xml:5:7-32
		INJECTED from src\main\AndroidManifest.xml
		INJECTED from src\main\AndroidManifest.xml
	android:versionCode
		ADDED from src\main\AndroidManifest.xml:4:7-34
		INJECTED from src\main\AndroidManifest.xml
		INJECTED from src\main\AndroidManifest.xml
uses-permission#android.permission.CAMERA
ADDED from src\main\AndroidManifest.xml:7:2-62
	android:name
		ADDED from src\main\AndroidManifest.xml:7:19-59
uses-permission#android.permission.INTERNET
ADDED from src\main\AndroidManifest.xml:8:2-64
	android:name
		ADDED from src\main\AndroidManifest.xml:8:19-61
uses-permission#android.permission.ACCESS_NETWORK_STATE
ADDED from src\main\AndroidManifest.xml:9:2-76
	android:name
		ADDED from src\main\AndroidManifest.xml:9:19-73
uses-feature#android.hardware.camera.any
ADDED from src\main\AndroidManifest.xml:10:2-61
	android:name
		ADDED from src\main\AndroidManifest.xml:10:16-58
uses-feature#android.hardware.camera
ADDED from src\main\AndroidManifest.xml:11:2-82
	android:required
		ADDED from src\main\AndroidManifest.xml:11:55-79
	android:name
		ADDED from src\main\AndroidManifest.xml:11:16-54
uses-feature#android.hardware.camera.autofocus
ADDED from src\main\AndroidManifest.xml:12:2-92
	android:required
		ADDED from src\main\AndroidManifest.xml:12:65-89
	android:name
		ADDED from src\main\AndroidManifest.xml:12:16-64
uses-feature#0x00010100
ADDED from src\main\AndroidManifest.xml:13:2-51
	android:glEsVersion
		ADDED from src\main\AndroidManifest.xml:13:16-48
supports-screens
ADDED from src\main\AndroidManifest.xml:15:2-20:31
	android:largeScreens
		ADDED from src\main\AndroidManifest.xml:18:3-30
	android:anyDensity
		ADDED from src\main\AndroidManifest.xml:20:3-28
	android:normalScreens
		ADDED from src\main\AndroidManifest.xml:17:3-31
	android:xlargeScreens
		ADDED from src\main\AndroidManifest.xml:19:3-31
	android:smallScreens
		ADDED from src\main\AndroidManifest.xml:16:3-30
application
ADDED from src\main\AndroidManifest.xml:22:5-36:19
	android:label
		ADDED from src\main\AndroidManifest.xml:25:6-38
	android:allowBackup
		ADDED from src\main\AndroidManifest.xml:25:39-65
	android:icon
		ADDED from src\main\AndroidManifest.xml:24:6-35
	android:name
		ADDED from src\main\AndroidManifest.xml:23:6-94
activity#org.artoolkit.ar.samples.ARSimpleNativeCars.ARSimpleNativeCarsActivity
ADDED from src\main\AndroidManifest.xml:27:9-34:20
	android:label
		ADDED from src\main\AndroidManifest.xml:29:19-51
	android:configChanges
		ADDED from src\main\AndroidManifest.xml:28:11-72
	android:name
		ADDED from src\main\AndroidManifest.xml:27:19-104
intent-filter#android.intent.action.MAIN+android.intent.category.LAUNCHER
ADDED from src\main\AndroidManifest.xml:30:13-33:29
action#android.intent.action.MAIN
ADDED from src\main\AndroidManifest.xml:31:17-69
	android:name
		ADDED from src\main\AndroidManifest.xml:31:25-66
category#android.intent.category.LAUNCHER
ADDED from src\main\AndroidManifest.xml:32:17-77
	android:name
		ADDED from src\main\AndroidManifest.xml:32:27-74
activity#org.artoolkit.ar.base.camera.CameraPreferencesActivity
ADDED from src\main\AndroidManifest.xml:35:9-100
	android:name
		ADDED from src\main\AndroidManifest.xml:35:19-88
uses-sdk
INJECTED from src\main\AndroidManifest.xml reason: use-sdk injection requested
MERGED from [ARSimpleNativeCarsProj:aRBaseLib:unspecified] AndroidManifest.xml:7:5-9:41
	android:targetSdkVersion
		INJECTED from src\main\AndroidManifest.xml
		INJECTED from src\main\AndroidManifest.xml
	android:minSdkVersion
		INJECTED from src\main\AndroidManifest.xml
		INJECTED from src\main\AndroidManifest.xml